<?xml version="1.0" encoding="UTF-8"?>
<!-- Generated by org.testng.reporters.JUnitXMLReporter -->
<testsuite ignored="0" hostname="pavel-zenbook" failures="0" tests="5" name="Surefire test" time="2.509" errors="0" timestamp="2021-04-18T17:18:09 MSK">
  <testcase classname="DaoTest" name="AccountTest" time="2.165"/>
  <testcase classname="DaoTest" name="AccountTypeTest" time="0.052"/>
  <testcase classname="DaoTest" name="ClientTest" time="0.095"/>
  <testcase classname="DaoTest" name="DepartmentTest" time="0.045"/>
  <testcase classname="DaoTest" name="TransactionTest" time="0.119"/>
</testsuite> <!-- Surefire test -->
