<?xml version="1.0" encoding="UTF-8"?>
<!-- Generated by org.testng.reporters.JUnitXMLReporter -->
<testsuite ignored="0" hostname="pavel-zenbook" failures="0" tests="5" name="Command line test" time="2.623" errors="0" timestamp="2021-04-12T20:16:10 MSK">
  <testcase classname="DaoTest" name="AccountTest" time="2.29"/>
  <testcase classname="DaoTest" name="AccountTypeTest" time="0.06"/>
  <testcase classname="DaoTest" name="ClientTest" time="0.087"/>
  <testcase classname="DaoTest" name="DepartmentTest" time="0.038"/>
  <testcase classname="DaoTest" name="TransactionTest" time="0.114"/>
</testsuite> <!-- Command line test -->
