<?xml version="1.0" encoding="UTF-8"?>
<testng-results ignored="0" total="5" passed="5" failed="0" skipped="0">
  <reporter-output>
  </reporter-output>
  <suite started-at="2021-04-18T17:18:07 MSK" name="Surefire suite" finished-at="2021-04-18T17:18:09 MSK" duration-ms="2509">
    <groups>
    </groups>
    <test started-at="2021-04-18T17:18:07 MSK" name="Surefire test" finished-at="2021-04-18T17:18:09 MSK" duration-ms="2509">
      <class name="DaoTest">
        <test-method signature="AccountTest()[pri:0, instance:DaoTest@20ce78ec]" started-at="2021-04-18T17:18:07 MSK" name="AccountTest" finished-at="2021-04-18T17:18:09 MSK" duration-ms="2165" status="PASS">
          <reporter-output>
          </reporter-output>
        </test-method> <!-- AccountTest -->
        <test-method signature="AccountTypeTest()[pri:0, instance:DaoTest@20ce78ec]" started-at="2021-04-18T17:18:09 MSK" name="AccountTypeTest" finished-at="2021-04-18T17:18:09 MSK" duration-ms="52" status="PASS">
          <reporter-output>
          </reporter-output>
        </test-method> <!-- AccountTypeTest -->
        <test-method signature="ClientTest()[pri:0, instance:DaoTest@20ce78ec]" started-at="2021-04-18T17:18:09 MSK" name="ClientTest" finished-at="2021-04-18T17:18:09 MSK" duration-ms="95" status="PASS">
          <reporter-output>
          </reporter-output>
        </test-method> <!-- ClientTest -->
        <test-method signature="DepartmentTest()[pri:0, instance:DaoTest@20ce78ec]" started-at="2021-04-18T17:18:09 MSK" name="DepartmentTest" finished-at="2021-04-18T17:18:09 MSK" duration-ms="45" status="PASS">
          <reporter-output>
          </reporter-output>
        </test-method> <!-- DepartmentTest -->
        <test-method signature="TransactionTest()[pri:0, instance:DaoTest@20ce78ec]" started-at="2021-04-18T17:18:09 MSK" name="TransactionTest" finished-at="2021-04-18T17:18:09 MSK" duration-ms="119" status="PASS">
          <reporter-output>
          </reporter-output>
        </test-method> <!-- TransactionTest -->
      </class> <!-- DaoTest -->
    </test> <!-- Surefire test -->
  </suite> <!-- Surefire suite -->
</testng-results>
