<?xml version="1.0" encoding="UTF-8"?>
<testsuite xmlns:xsi="http://www.w3.org/2001/XMLSchema-instance" xsi:noNamespaceSchemaLocation="https://maven.apache.org/surefire/maven-surefire-plugin/xsd/surefire-test-report.xsd" name="DaoTest" time="2.97" tests="5" errors="0" skipped="0" failures="0">
  <properties>
[...]
</properties>
  <testcase name="AccountTest" classname="DaoTest" time="2.182"/>
  <testcase name="AccountTypeTest" classname="DaoTest" time="0.066"/>
  <testcase name="ClientTest" classname="DaoTest" time="0.203"/>
  <testcase name="DepartmentTest" classname="DaoTest" time="0.061"/>
  <testcase name="TransactionTest" classname="DaoTest" time="0.239"/>
</testsuite>